0	1	mikroCPIC1618.exe -MSF -DBG -pP18F4620 -RA -DL -O11111114 -fo40 -N"C:\Users\Kapouchima\Documents\PIC Projects\Swing Jack\Swing-Jack-4620\FirmV_0_7_0.mcppi" -EH"C:\Users\Kapouchima\Documents\PIC Projects\Swing Jack\Swing-Jack-4620\FirmV_0_7_0.ihex" -SP"C:\Users\Public\Documents\Mikroelektronika\mikroC PRO for PIC\Defs\" -SP"C:\Users\Public\Documents\Mikroelektronika\mikroC PRO for PIC\uses\P18\" -SP"C:\Users\Kapouchima\Documents\PIC Projects\Swing Jack\Swing-Jack-4620\" -IP"C:\Users\Kapouchima\Documents\PIC Projects\Swing Jack\Swing-Jack-4620\" "FirmV_0_7_0.c" "COGLCDDriver.c" "__Lib_Math.mcl" "__Lib_MathDouble.mcl" "__Lib_System.mcl" "__Lib_Delays.mcl" "__Lib_CType.mcl" "__Lib_CString.mcl" "__Lib_CStdlib.mcl" "__Lib_CMath.mcl" "__Lib_MemManager.mcl" "__Lib_Conversions.mcl" "__Lib_Sprintf.mcl" "__Lib_PrintOut.mcl" "__Lib_Sprinti.mcl" "__Lib_Sprintl.mcl" "__Lib_Time.mcl" "__Lib_Trigonometry.mcl" "__Lib_Button.mcl" "__Lib_Keypad4x4.mcl" "__Lib_Manchester.mcl" "__Lib_OneWire.mcl" "__Lib_PS2.mcl" "__Lib_Sound.mcl" "__Lib_SoftI2C.mcl" "__Lib_SoftSPI.mcl" "__Lib_SoftUART.mcl" "__Lib_ADC_A_D.mcl" "__Lib_EEPROM_1024.mcl" "__Lib_FLASH_w64_e64.mcl" "__Lib_I2C_c34.mcl" "__Lib_PWM_c21.mcl" "__Lib_SPI_c345.mcl" "__Lib_UART_c67.mcl" "__Lib_PortExpander.mcl" "__Lib_CANSPI.mcl" "__Lib_CF.mcl" "__Lib_CFFat16.mcl" "__Lib_GlcdFonts.mcl" "__Lib_Glcd.mcl" "__Lib_RS485.mcl" "__Lib_S1D13700.mcl" "__Lib_T6963C.mcl" "__Lib_SPIGlcd.mcl" "__Lib_SPILcd.mcl" "__Lib_SPILcd8.mcl" "__Lib_SPIT6963C.mcl" "__Lib_EthEnc28j60.mcl" "__Lib_EthEnc24j600.mcl" "__Lib_TouchPanel.mcl"	 
hint: 0	1139	Available RAM: 3947 [bytes], Available ROM: 65536 [bytes]	 
diagnostics: 0	122	Compilation Started	P18F4620.c
diagnostics: 1398	123	Compiled Successfully	P18F4620.c
diagnostics: 0	122	Compilation Started	__Lib_Delays.c
diagnostics: 172	123	Compiled Successfully	__Lib_Delays.c
diagnostics: 0	122	Compilation Started	__Lib_MemManager.c
warning: 34	1508	Implicit conversion of int to ptr	__Lib_MemManager.c
diagnostics: 231	123	Compiled Successfully	__Lib_MemManager.c
diagnostics: 0	122	Compilation Started	__Lib_GlcdFonts.c
diagnostics: 1207	123	Compiled Successfully	__Lib_GlcdFonts.c
diagnostics: 0	122	Compilation Started	coglcddriver.h
warning: 1517	1509	Generated baud rate is 114943 bps (error = 0.22 percent)	FirmV_0_7_0.c
hint: 1611	1163	Variable 't' has been declared, but not used	FirmV_0_7_0.c
hint: 1613	1163	Variable 'PmsCounter' has been declared, but not used	FirmV_0_7_0.c
diagnostics: 3223	123	Compiled Successfully	FirmV_0_7_0.c
hint: 1610	1164	Variable 'res' has been eliminated by optimizer	FirmV_0_7_0.c
hint: 2562	1164	Variable 'stopT' has been eliminated by optimizer	FirmV_0_7_0.c
diagnostics: 0	122	Compilation Started	COGLCDDriver.c
diagnostics: 104	123	Compiled Successfully	COGLCDDriver.c
diagnostics: 0	127	All files Compiled in 421 ms	 
hint: 0	1144	Used RAM (bytes): 2533 (64%)  Free RAM (bytes): 1414 (36%)	Used RAM (bytes): 2533 (64%)  Free RAM (bytes): 1414 (36%)
hint: 0	1144	Used ROM (bytes): 32653 (50%)  Free ROM (bytes): 32883 (50%)	Used ROM (bytes): 32653 (50%)  Free ROM (bytes): 32883 (50%)
diagnostics: 0	125	Project Linked Successfully	FirmV_0_7_0.mcppi
diagnostics: 0	128	Linked in 172 ms	 
diagnostics: 0	129	Project 'FirmV_0_7_0.mcppi' completed: 843 ms	 
diagnostics: 0	103	Finished successfully: 25 Feb 2016, 10:03:07	FirmV_0_7_0.mcppi
